i:\university\mcomp\adv programming\advance-programming-golf-assesment\golf assesment\debug\vc141.pdb
i:\university\mcomp\adv programming\advance-programming-golf-assesment\golf assesment\debug\vc141.idb
i:\university\mcomp\adv programming\advance-programming-golf-assesment\golf assesment\debug\course.obj
i:\university\mcomp\adv programming\advance-programming-golf-assesment\golf assesment\debug\gameobject.obj
i:\university\mcomp\adv programming\advance-programming-golf-assesment\golf assesment\debug\golfball.obj
i:\university\mcomp\adv programming\advance-programming-golf-assesment\golf assesment\debug\golfhole.obj
i:\university\mcomp\adv programming\advance-programming-golf-assesment\golf assesment\debug\golfserver.obj
i:\university\mcomp\adv programming\advance-programming-golf-assesment\golf assesment\debug\pool game.obj
i:\university\mcomp\adv programming\advance-programming-golf-assesment\golf assesment\debug\transform.obj
i:\university\mcomp\adv programming\advance-programming-golf-assesment\golf assesment\debug\simulation.obj
i:\university\mcomp\adv programming\advance-programming-golf-assesment\golf assesment\debug\stdafx.obj
i:\university\mcomp\adv programming\advance-programming-golf-assesment\golf assesment\debug\threaded_client.obj
i:\university\mcomp\adv programming\advance-programming-golf-assesment\golf assesment\debug\threadedserver.obj
i:\university\mcomp\adv programming\advance-programming-golf-assesment\golf assesment\debug\pool game.exe
i:\university\mcomp\adv programming\advance-programming-golf-assesment\golf assesment\debug\pool game.ilk
i:\university\mcomp\adv programming\advance-programming-golf-assesment\golf assesment\debug\pool game.pdb
i:\university\mcomp\adv programming\advance-programming-golf-assesment\golf assesment\debug\pool game.tlog\cl.command.1.tlog
i:\university\mcomp\adv programming\advance-programming-golf-assesment\golf assesment\debug\pool game.tlog\cl.read.1.tlog
i:\university\mcomp\adv programming\advance-programming-golf-assesment\golf assesment\debug\pool game.tlog\cl.write.1.tlog
i:\university\mcomp\adv programming\advance-programming-golf-assesment\golf assesment\debug\pool game.tlog\link.command.1.tlog
i:\university\mcomp\adv programming\advance-programming-golf-assesment\golf assesment\debug\pool game.tlog\link.read.1.tlog
i:\university\mcomp\adv programming\advance-programming-golf-assesment\golf assesment\debug\pool game.tlog\link.write.1.tlog
