g:\downloads\threadedserver\threadedserver\debug\vc141.pdb
g:\downloads\threadedserver\threadedserver\debug\vc141.idb
g:\downloads\threadedserver\threadedserver\debug\threadpool.obj
g:\downloads\threadedserver\threadedserver\debug\threadedserver.obj
i:\university\mcomp\adv programming\advance-programming-golf-assesment\golf assesment\threadedserver\debug\vc141.pdb
i:\university\mcomp\adv programming\advance-programming-golf-assesment\golf assesment\threadedserver\debug\vc141.idb
i:\university\mcomp\adv programming\advance-programming-golf-assesment\golf assesment\threadedserver\debug\threadpool.obj
i:\university\mcomp\adv programming\advance-programming-golf-assesment\golf assesment\threadedserver\debug\threadedserver.obj
g:\downloads\threadedserver\debug\threadedserver.ilk
g:\downloads\threadedserver\debug\threadedserver.exe
g:\downloads\threadedserver\debug\threadedserver.pdb
i:\university\mcomp\adv programming\advance-programming-golf-assesment\golf assesment\debug\threadedserver.ilk
i:\university\mcomp\adv programming\advance-programming-golf-assesment\golf assesment\debug\threadedserver.exe
i:\university\mcomp\adv programming\advance-programming-golf-assesment\golf assesment\debug\threadedserver.pdb
i:\university\mcomp\adv programming\advance-programming-golf-assesment\golf assesment\threadedserver\debug\threadedserver.tlog\cl.command.1.tlog
i:\university\mcomp\adv programming\advance-programming-golf-assesment\golf assesment\threadedserver\debug\threadedserver.tlog\cl.read.1.tlog
i:\university\mcomp\adv programming\advance-programming-golf-assesment\golf assesment\threadedserver\debug\threadedserver.tlog\cl.write.1.tlog
i:\university\mcomp\adv programming\advance-programming-golf-assesment\golf assesment\threadedserver\debug\threadedserver.tlog\link.command.1.tlog
i:\university\mcomp\adv programming\advance-programming-golf-assesment\golf assesment\threadedserver\debug\threadedserver.tlog\link.read.1.tlog
i:\university\mcomp\adv programming\advance-programming-golf-assesment\golf assesment\threadedserver\debug\threadedserver.tlog\link.write.1.tlog
